egrep "^extern|^#if|^#elif|^#else|^#endif" globals.h | sed s/^extern//  > defs.h
cc -O3  -DUSEMPI -DH5_USE_16_API    -I/include -I/include  -c  bounds.c
cc -O3  -DUSEMPI -DH5_USE_16_API    -I/include -I/include  -c  coord.c
cc -O3  -DUSEMPI -DH5_USE_16_API    -I/include -I/include  -c  diag.c
cc -O3  -DUSEMPI -DH5_USE_16_API    -I/include -I/include  -c  dump.c
cc -O3  -DUSEMPI -DH5_USE_16_API    -I/include -I/include  -c  fixup.c
cc -O3  -DUSEMPI -DH5_USE_16_API    -I/include -I/include  -c  flux_ct.c
cc -O3  -DUSEMPI -DH5_USE_16_API    -I/include -I/include  -c  image.c
cc -O3  -DUSEMPI -DH5_USE_16_API    -I/include -I/include  -c  init.gen_axi_disk.c
cc -O3  -DUSEMPI -DH5_USE_16_API    -I/include -I/include  -c  lu.c
cc -O3  -DUSEMPI -DH5_USE_16_API    -I/include -I/include  -c  main.c
cc -O3  -DUSEMPI -DH5_USE_16_API    -I/include -I/include  -c  metric.c
cc -O3  -DUSEMPI -DH5_USE_16_API    -I/include -I/include  -c  phys.c
cc -O3  -DUSEMPI -DH5_USE_16_API    -I/include -I/include  -c  ranc.c
cc -O3  -DUSEMPI -DH5_USE_16_API    -I/include -I/include  -c  restart.c
cc -O3  -DUSEMPI -DH5_USE_16_API    -I/include -I/include  -c  recon.c
cc -O3  -DUSEMPI -DH5_USE_16_API    -I/include -I/include  -c  step_ch.c
cc -O3  -DUSEMPI -DH5_USE_16_API    -I/include -I/include  -c  u2p_util.c
cc -O3  -DUSEMPI -DH5_USE_16_API    -I/include -I/include  -c  utoprim_1d_ee.c
cc -O3  -DUSEMPI -DH5_USE_16_API    -I/include -I/include  -c  utoprim_1d_ee2.c
cc -O3  -DUSEMPI -DH5_USE_16_API    -I/include -I/include  -c  utoprim_1dfix1.c
cc -O3  -DUSEMPI -DH5_USE_16_API    -I/include -I/include  -c  utoprim_1dvsq2fix1.c
cc -O3  -DUSEMPI -DH5_USE_16_API    -I/include -I/include  -c  utoprim_1d.c
cc -O3  -DUSEMPI -DH5_USE_16_API    -I/include -I/include  -c  utoprim_2d_fast.c
cc -O3  -DUSEMPI -DH5_USE_16_API    -I/include -I/include  -c  harm_mpi.c
cc -O3  -DUSEMPI -DH5_USE_16_API    -I/include -I/include  -c  dump_hdf.c
cc -O3  -DUSEMPI -DH5_USE_16_API    -I/include -I/include  -c  dump_history.c
cc -O3  -DUSEMPI -DH5_USE_16_API    -I/include -I/include  -c  dump_stat.c
cc -O3  -DUSEMPI -DH5_USE_16_API    -I/include -I/include  -c  dump_stat2.c
cc -O3  -DUSEMPI -DH5_USE_16_API    -I/include -I/include  -c  dump_radflux.c
cc -O3  -DUSEMPI -DH5_USE_16_API    -I/include -I/include  -c  dump_surface.c
cc -O3  -DUSEMPI -DH5_USE_16_API    -I/include -I/include  -c  dump_timers.c
cc -O3  -DUSEMPI -DH5_USE_16_API    -I/include -I/include  -c  decomp.c
cc -O3  -DUSEMPI -DH5_USE_16_API    -I/include -I/include  -c  dump_photosphere.c
cc -O3  -DUSEMPI -DH5_USE_16_API    -I/include -I/include  -c  interp_data.c
cc -O3  -DUSEMPI -DH5_USE_16_API    -I/include -I/include  -c  corona.c
cc -O3  -DUSEMPI -DH5_USE_16_API    -I/include -I/include  -c  corona2.c
cc -O3  -DUSEMPI -DH5_USE_16_API    -L/lib -L/lib  -lm -lz -lhdf5_hl -lhdf5  bounds.o coord.o diag.o dump.o fixup.o flux_ct.o image.o init.gen_axi_disk.o lu.o main.o metric.o phys.o ranc.o restart.o recon.o step_ch.o u2p_util.o utoprim_1d_ee.o utoprim_1d_ee2.o utoprim_1dfix1.o utoprim_1dvsq2fix1.o utoprim_1d.o utoprim_2d_fast.o harm_mpi.o dump_hdf.o dump_history.o dump_stat.o dump_stat2.o dump_radflux.o dump_surface.o dump_timers.o decomp.o dump_photosphere.o interp_data.o corona.o corona2.o -lm -lz -lhdf5_hl -lhdf5 -o harm3d
